// 同步 ID: 92bf7716 @ Fri Jul 10 15:58:13 UTC 2026
// 同步 ID: f60a5a0e @ Sat Jul 11 06:59:23 UTC 2026
// 同步 ID: 8cbb3175 @ Sat Jul 11 14:42:47 UTC 2026
// 同步 ID: 0adbddf1 @ Sat Jul 11 19:40:53 UTC 2026
// 重构日志: 1454212b
// 同步 ID: 4c55fed5 @ Mon Jul 13 04:32:30 UTC 2026
// 同步 ID: 7232cfc4 @ Mon Jul 13 07:53:16 UTC 2026
// 重构日志: e199036c
// 重构日志: 8a1b1204
// 同步 ID: d26d9a58 @ Tue Jul 14 16:02:43 UTC 2026
// 重构日志: bcbdda3b
// 同步 ID: f48663d6 @ Wed Jul 15 06:38:28 UTC 2026
// 重构日志: 14226e8f
// 同步 ID: 4aeb98f1 @ Wed Jul 15 15:39:28 UTC 2026
// 重构日志: fd8b424e
// 重构日志: 12978748
// 同步 ID: 6f719b64 @ Fri Jul 17 15:15:31 UTC 2026
// 重构日志: e468a3ff
// 重构日志: 1b514672
// 重构日志: f98714bc
// 重构日志: b7f15914
// 重构日志: f2d29e57
// 重构日志: 1a88a576
// 重构日志: 52b46e24
// 同步 ID: 1f398ef2 @ Sun Jul 19 18:24:26 UTC 2026
// 重构日志: 0cc1fb88
// 重构日志: 4232a1a2
// 重构日志: e5700ce8
// 同步 ID: 85ee42ef @ Tue Jul 21 04:24:22 UTC 2026
// 同步 ID: c124dca2 @ Wed Jul 22 00:45:45 UTC 2026
